2021-11-11 02:16:05 [127.0.0.1][-][-][warning][yii\web\User::renewAuthStatus] Invalid session auth key attempted for user '1' from 127.0.0.1: XUYuSJOaOW7FE0tIgB0BdK3NFLYvY4V9
2021-11-11 02:16:05 [127.0.0.1][-][-][warning][yii\web\User::getIdentityAndDurationFromCookie] Invalid cookie auth key attempted for user '1' from 127.0.0.1: XUYuSJOaOW7FE0tIgB0BdK3NFLYvY4V9
2021-11-11 02:16:05 [127.0.0.1][-][-][info][application] $_GET = []

$_POST = []

$_FILES = []

$_COOKIE = [
    '_identity-backend' => '44d8e29325c6a9b30d83efb2eb4cfe1e4a11928b9e9f1ccb4fdda2e41674f51ba:2:{i:0;s:17:\"_identity-backend\";i:1;s:46:\"[1,\"XUYuSJOaOW7FE0tIgB0BdK3NFLYvY4V9\",2592000]\";}'
    'advanced-backend' => '8m8s3tdj57hro4hb70o9143qvs'
    'advanced-frontend' => '5uf8nmqmf2eqbbl9jcdehk8b8r'
    '_csrf-frontend' => 'd496bea1a53ef26fe0e3f624200e26f179a77fd5f019ac93ff6d3e778971d68fa:2:{i:0;s:14:\"_csrf-frontend\";i:1;s:32:\"K9lPTeLWSYleNoR9MC59OvbcObrWQNAQ\";}'
    '_csrf-backend' => 'd49f480218a1f745852146d80a4000e3a26951e7dbb32ee697727b4863e1c048a:2:{i:0;s:13:\"_csrf-backend\";i:1;s:32:\"zV_u7mYQQR4fC_jtPvRD95L__l7tlHwb\";}'
    'PHPSESSID' => '1p8ode66fn260oolnmekhimqmh'
]

$_SESSION = [
    '__flash' => []
    '__returnUrl' => 'http://localhost/prueba/backend/web/'
]

$_SERVER = [
    'HTTP_HOST' => 'localhost'
    'HTTP_USER_AGENT' => 'Mozilla/5.0 (Windows NT 10.0; Win64; x64; rv:93.0) Gecko/20100101 Firefox/93.0'
    'HTTP_ACCEPT' => 'text/html,application/xhtml+xml,application/xml;q=0.9,image/avif,image/webp,*/*;q=0.8'
    'HTTP_ACCEPT_LANGUAGE' => 'es-MX,es;q=0.8,en-US;q=0.5,en;q=0.3'
    'HTTP_ACCEPT_ENCODING' => 'gzip, deflate'
    'HTTP_CONNECTION' => 'keep-alive'
    'HTTP_REFERER' => 'http://localhost/prueba/backend/'
    'HTTP_COOKIE' => '_identity-backend=44d8e29325c6a9b30d83efb2eb4cfe1e4a11928b9e9f1ccb4fdda2e41674f51ba%3A2%3A%7Bi%3A0%3Bs%3A17%3A%22_identity-backend%22%3Bi%3A1%3Bs%3A46%3A%22%5B1%2C%22XUYuSJOaOW7FE0tIgB0BdK3NFLYvY4V9%22%2C2592000%5D%22%3B%7D; advanced-backend=8m8s3tdj57hro4hb70o9143qvs; advanced-frontend=5uf8nmqmf2eqbbl9jcdehk8b8r; _csrf-frontend=d496bea1a53ef26fe0e3f624200e26f179a77fd5f019ac93ff6d3e778971d68fa%3A2%3A%7Bi%3A0%3Bs%3A14%3A%22_csrf-frontend%22%3Bi%3A1%3Bs%3A32%3A%22K9lPTeLWSYleNoR9MC59OvbcObrWQNAQ%22%3B%7D; _csrf-backend=d49f480218a1f745852146d80a4000e3a26951e7dbb32ee697727b4863e1c048a%3A2%3A%7Bi%3A0%3Bs%3A13%3A%22_csrf-backend%22%3Bi%3A1%3Bs%3A32%3A%22zV_u7mYQQR4fC_jtPvRD95L__l7tlHwb%22%3B%7D; PHPSESSID=1p8ode66fn260oolnmekhimqmh'
    'HTTP_UPGRADE_INSECURE_REQUESTS' => '1'
    'HTTP_SEC_FETCH_DEST' => 'document'
    'HTTP_SEC_FETCH_MODE' => 'navigate'
    'HTTP_SEC_FETCH_SITE' => 'same-origin'
    'HTTP_SEC_FETCH_USER' => '?1'
    'PATH' => 'C:\\Program Files (x86)\\Common Files\\Oracle\\Java\\javapath;C:\\Apache-svn\\bin;C:\\Program Files\\Rockwell Software\\RSCommon;C:\\ProgramData\\Oracle\\Java\\javapath;C:\\Program Files (x86)\\Intel\\iCLS Client\\;C:\\Program Files\\Intel\\iCLS Client\\;C:\\WINDOWS\\system32;C:\\WINDOWS;C:\\WINDOWS\\System32\\Wbem;C:\\WINDOWS\\System32\\WindowsPowerShell\\v1.0\\;C:\\WINDOWS\\System32\\OpenSSH\\;C:\\Program Files (x86)\\Intel\\Intel(R) Management Engine Components\\DAL;C:\\Program Files\\Intel\\Intel(R) Management Engine Components\\DAL;C:\\Program Files (x86)\\Intel\\Intel(R) Management Engine Components\\IPT;C:\\Program Files\\Intel\\Intel(R) Management Engine Components\\IPT;C:\\Program Files\\Microsoft SQL Server\\Client SDK\\ODBC\\170\\Tools\\Binn\\;C:\\Program Files (x86)\\Microsoft SQL Server\\150\\Tools\\Binn\\;C:\\Program Files\\Microsoft SQL Server\\150\\Tools\\Binn\\;C:\\Program Files\\Microsoft SQL Server\\150\\DTS\\Binn\\;C:\\Program Files (x86)\\Microsoft SQL Server\\150\\DTS\\Binn\\;C:\\Program Files\\Azure Data Studio\\bin;C:\\wamp64\\bin\\php\\php5.6.40;C:\\ProgramData\\ComposerSetup\\bin;C:\\Program Files\\IBM\\SPSS\\Statistics\\22\\JRE\\bin;C:\\Program Files\\Git\\cmd;C:\\WINDOWS\\system32\\config\\systemprofile\\AppData\\Local\\Microsoft\\WindowsApps'
    'SystemRoot' => 'C:\\WINDOWS'
    'COMSPEC' => 'C:\\WINDOWS\\system32\\cmd.exe'
    'PATHEXT' => '.COM;.EXE;.BAT;.CMD;.VBS;.VBE;.JS;.JSE;.WSF;.WSH;.MSC'
    'WINDIR' => 'C:\\WINDOWS'
    'SERVER_SIGNATURE' => '<address>Apache/2.4.46 (Win64) PHP/7.3.21 Server at localhost Port 80</address>
'
    'SERVER_SOFTWARE' => 'Apache/2.4.46 (Win64) PHP/7.3.21'
    'SERVER_NAME' => 'localhost'
    'SERVER_ADDR' => '127.0.0.1'
    'SERVER_PORT' => '80'
    'REMOTE_ADDR' => '127.0.0.1'
    'DOCUMENT_ROOT' => 'C:/wamp64/www'
    'REQUEST_SCHEME' => 'http'
    'CONTEXT_PREFIX' => ''
    'CONTEXT_DOCUMENT_ROOT' => 'C:/wamp64/www'
    'SERVER_ADMIN' => 'wampserver@wampserver.invalid'
    'SCRIPT_FILENAME' => 'C:/wamp64/www/prueba/backend/web/index.php'
    'REMOTE_PORT' => '65112'
    'GATEWAY_INTERFACE' => 'CGI/1.1'
    'SERVER_PROTOCOL' => 'HTTP/1.1'
    'REQUEST_METHOD' => 'GET'
    'QUERY_STRING' => ''
    'REQUEST_URI' => '/prueba/backend/web/'
    'SCRIPT_NAME' => '/prueba/backend/web/index.php'
    'PHP_SELF' => '/prueba/backend/web/index.php'
    'REQUEST_TIME_FLOAT' => 1636596964.9557
    'REQUEST_TIME' => 1636596964
]
