2021-09-13 22:26:34 [::1][-][r69vmauhm64cu0isaluuddjl8q][error][yii\base\InvalidArgumentException] yii\base\InvalidArgumentException: The file or directory to be published does not exist: ./vendor/bower-asset/jquery/dist in C:\wamp64\www\yii2avanzado\vendor\yiisoft\yii2\web\AssetManager.php:467
Stack trace:
#0 C:\wamp64\www\yii2avanzado\vendor\yiisoft\yii2\web\AssetBundle.php(181): yii\web\AssetManager->publish('./vendor/bower-...', Array)
#1 C:\wamp64\www\yii2avanzado\vendor\yiisoft\yii2\web\AssetManager.php(288): yii\web\AssetBundle->publish(Object(yii\web\AssetManager))
#2 C:\wamp64\www\yii2avanzado\vendor\yiisoft\yii2\web\AssetManager.php(259): yii\web\AssetManager->loadBundle('yii\\web\\JqueryA...', Array, true)
#3 C:\wamp64\www\yii2avanzado\vendor\yiisoft\yii2\web\View.php(287): yii\web\AssetManager->getBundle('yii\\web\\JqueryA...')
#4 C:\wamp64\www\yii2avanzado\vendor\yiisoft\yii2\web\View.php(292): yii\web\View->registerAssetBundle('yii\\web\\JqueryA...', NULL)
#5 C:\wamp64\www\yii2avanzado\vendor\yiisoft\yii2\web\View.php(292): yii\web\View->registerAssetBundle('yii\\web\\YiiAsse...', NULL)
#6 C:\wamp64\www\yii2avanzado\vendor\yiisoft\yii2\web\AssetBundle.php(125): yii\web\View->registerAssetBundle('frontend\\assets...')
#7 C:\wamp64\www\yii2avanzado\frontend\views\layouts\main.php(13): yii\web\AssetBundle::register(Object(yii\web\View))
#8 C:\wamp64\www\yii2avanzado\vendor\yiisoft\yii2\base\View.php(348): require('C:\\wamp64\\www\\y...')
#9 C:\wamp64\www\yii2avanzado\vendor\yiisoft\yii2\base\View.php(257): yii\base\View->renderPhpFile('C:\\wamp64\\www\\y...', Array)
#10 C:\wamp64\www\yii2avanzado\vendor\yiisoft\yii2\base\Controller.php(425): yii\base\View->renderFile('C:\\wamp64\\www\\y...', Array, Object(frontend\controllers\SiteController))
#11 C:\wamp64\www\yii2avanzado\vendor\yiisoft\yii2\base\Controller.php(411): yii\base\Controller->renderContent('<div class="sit...')
#12 C:\wamp64\www\yii2avanzado\frontend\controllers\SiteController.php(78): yii\base\Controller->render('index')
#13 [internal function]: frontend\controllers\SiteController->actionIndex()
#14 C:\wamp64\www\yii2avanzado\vendor\yiisoft\yii2\base\InlineAction.php(57): call_user_func_array(Array, Array)
#15 C:\wamp64\www\yii2avanzado\vendor\yiisoft\yii2\base\Controller.php(181): yii\base\InlineAction->runWithParams(Array)
#16 C:\wamp64\www\yii2avanzado\vendor\yiisoft\yii2\base\Module.php(534): yii\base\Controller->runAction('', Array)
#17 C:\wamp64\www\yii2avanzado\vendor\yiisoft\yii2\web\Application.php(104): yii\base\Module->runAction('', Array)
#18 C:\wamp64\www\yii2avanzado\vendor\yiisoft\yii2\base\Application.php(392): yii\web\Application->handleRequest(Object(yii\web\Request))
#19 C:\wamp64\www\yii2avanzado\frontend\web\index.php(18): yii\base\Application->run()
#20 {main}
2021-09-13 22:26:34 [::1][-][r69vmauhm64cu0isaluuddjl8q][info][application] $_GET = [
    'r' => 'site/about'
]

$_POST = []

$_FILES = []

$_COOKIE = [
    'PHPSESSID' => 'qo50iq1qja1gsdcp90l7jq73cm'
    '_csrf-backend' => 'e539c82e42b42fdc5102b53bb705f1add3dcbd0f0e94e859fa12d27afdd15199a:2:{i:0;s:13:\"_csrf-backend\";i:1;s:32:\"tWxFl2id71GdtheH1x2102bjXUeECtVK\";}'
    '_csrf-frontend' => 'a765f9d50c699265f047432f1e5e7743bff3ca794990fe8a3b838c5e672ca38ca:2:{i:0;s:14:\"_csrf-frontend\";i:1;s:32:\"i70r85BW2FVTtSZXiRnc9JBCJh0qCh5M\";}'
    'advanced-backend' => '3u4htnurhp2d38r7sr9b20tb79'
    'advanced-frontend' => 'fhjejkbo42i39ot263p714cbsr'
]

$_SESSION = [
    '__flash' => []
    '__captcha/site/captcha' => 'bejepfj'
    '__captcha/site/captchacount' => 1
]

$_SERVER = [
    'HTTP_HOST' => 'localhost'
    'HTTP_CONNECTION' => 'keep-alive'
    'HTTP_CACHE_CONTROL' => 'max-age=0'
    'HTTP_SEC_CH_UA' => '\" Not A;Brand\";v=\"99\", \"Chromium\";v=\"92\", \"Opera\";v=\"78\"'
    'HTTP_SEC_CH_UA_MOBILE' => '?0'
    'HTTP_UPGRADE_INSECURE_REQUESTS' => '1'
    'HTTP_USER_AGENT' => 'Mozilla/5.0 (Windows NT 10.0; Win64; x64) AppleWebKit/537.36 (KHTML, like Gecko) Chrome/92.0.4515.159 Safari/537.36 OPR/78.0.4093.184'
    'HTTP_ACCEPT' => 'text/html,application/xhtml+xml,application/xml;q=0.9,image/avif,image/webp,image/apng,*/*;q=0.8,application/signed-exchange;v=b3;q=0.9'
    'HTTP_SEC_FETCH_SITE' => 'same-origin'
    'HTTP_SEC_FETCH_MODE' => 'navigate'
    'HTTP_SEC_FETCH_USER' => '?1'
    'HTTP_SEC_FETCH_DEST' => 'document'
    'HTTP_REFERER' => 'http://localhost/yii2avanzado/frontend/web/index.php?r=site%2Fcontact'
    'HTTP_ACCEPT_ENCODING' => 'gzip, deflate, br'
    'HTTP_ACCEPT_LANGUAGE' => 'es-ES,es;q=0.9'
    'HTTP_COOKIE' => 'PHPSESSID=qo50iq1qja1gsdcp90l7jq73cm; _csrf-backend=e539c82e42b42fdc5102b53bb705f1add3dcbd0f0e94e859fa12d27afdd15199a%3A2%3A%7Bi%3A0%3Bs%3A13%3A%22_csrf-backend%22%3Bi%3A1%3Bs%3A32%3A%22tWxFl2id71GdtheH1x2102bjXUeECtVK%22%3B%7D; _csrf-frontend=a765f9d50c699265f047432f1e5e7743bff3ca794990fe8a3b838c5e672ca38ca%3A2%3A%7Bi%3A0%3Bs%3A14%3A%22_csrf-frontend%22%3Bi%3A1%3Bs%3A32%3A%22i70r85BW2FVTtSZXiRnc9JBCJh0qCh5M%22%3B%7D; advanced-backend=3u4htnurhp2d38r7sr9b20tb79; advanced-frontend=fhjejkbo42i39ot263p714cbsr'
    'PATH' => 'C:\\Program Files (x86)\\Common Files\\Intel\\Shared Libraries\\redist\\intel64\\compiler;C:\\Program Files\\Rockwell Software\\RSCommon;C:\\ProgramData\\Oracle\\Java\\javapath;C:\\Program Files (x86)\\Intel\\iCLS Client\\;C:\\Program Files\\Intel\\iCLS Client\\;C:\\WINDOWS\\system32;C:\\WINDOWS;C:\\WINDOWS\\System32\\Wbem;C:\\WINDOWS\\System32\\WindowsPowerShell\\v1.0\\;C:\\WINDOWS\\System32\\OpenSSH\\;C:\\Program Files (x86)\\Intel\\Intel(R) Management Engine Components\\DAL;C:\\Program Files\\Intel\\Intel(R) Management Engine Components\\DAL;C:\\Program Files (x86)\\Intel\\Intel(R) Management Engine Components\\IPT;C:\\Program Files\\Intel\\Intel(R) Management Engine Components\\IPT;C:\\Program Files\\Microsoft SQL Server\\Client SDK\\ODBC\\170\\Tools\\Binn\\;C:\\Program Files (x86)\\Microsoft SQL Server\\150\\Tools\\Binn\\;C:\\Program Files\\Microsoft SQL Server\\150\\Tools\\Binn\\;C:\\Program Files\\Microsoft SQL Server\\150\\DTS\\Binn\\;C:\\Program Files (x86)\\Microsoft SQL Server\\150\\DTS\\Binn\\;C:\\Program Files\\Azure Data Studio\\bin;C:\\wamp64\\bin\\php\\php5.6.40;C:\\ProgramData\\ComposerSetup\\bin;C:\\WINDOWS\\system32\\config\\systemprofile\\AppData\\Local\\Microsoft\\WindowsApps'
    'SystemRoot' => 'C:\\WINDOWS'
    'COMSPEC' => 'C:\\WINDOWS\\system32\\cmd.exe'
    'PATHEXT' => '.COM;.EXE;.BAT;.CMD;.VBS;.VBE;.JS;.JSE;.WSF;.WSH;.MSC'
    'WINDIR' => 'C:\\WINDOWS'
    'SERVER_SIGNATURE' => '<address>Apache/2.4.46 (Win64) PHP/7.3.21 Server at localhost Port 80</address>
'
    'SERVER_SOFTWARE' => 'Apache/2.4.46 (Win64) PHP/7.3.21'
    'SERVER_NAME' => 'localhost'
    'SERVER_ADDR' => '::1'
    'SERVER_PORT' => '80'
    'REMOTE_ADDR' => '::1'
    'DOCUMENT_ROOT' => 'C:/wamp64/www'
    'REQUEST_SCHEME' => 'http'
    'CONTEXT_PREFIX' => ''
    'CONTEXT_DOCUMENT_ROOT' => 'C:/wamp64/www'
    'SERVER_ADMIN' => 'wampserver@wampserver.invalid'
    'SCRIPT_FILENAME' => 'C:/wamp64/www/yii2avanzado/frontend/web/index.php'
    'REMOTE_PORT' => '59556'
    'GATEWAY_INTERFACE' => 'CGI/1.1'
    'SERVER_PROTOCOL' => 'HTTP/1.1'
    'REQUEST_METHOD' => 'GET'
    'QUERY_STRING' => 'r=site%2Fabout'
    'REQUEST_URI' => '/yii2avanzado/frontend/web/index.php?r=site%2Fabout'
    'SCRIPT_NAME' => '/yii2avanzado/frontend/web/index.php'
    'PHP_SELF' => '/yii2avanzado/frontend/web/index.php'
    'REQUEST_TIME_FLOAT' => 1631571994.6003
    'REQUEST_TIME' => 1631571994
]
2021-09-13 22:26:41 [::1][-][p3rc4n64ddgumkh5jotded6sg1][error][yii\base\InvalidArgumentException] yii\base\InvalidArgumentException: The file or directory to be published does not exist: ./vendor/bower-asset/jquery/dist in C:\wamp64\www\yii2avanzado\vendor\yiisoft\yii2\web\AssetManager.php:467
Stack trace:
#0 C:\wamp64\www\yii2avanzado\vendor\yiisoft\yii2\web\AssetBundle.php(181): yii\web\AssetManager->publish('./vendor/bower-...', Array)
#1 C:\wamp64\www\yii2avanzado\vendor\yiisoft\yii2\web\AssetManager.php(288): yii\web\AssetBundle->publish(Object(yii\web\AssetManager))
#2 C:\wamp64\www\yii2avanzado\vendor\yiisoft\yii2\web\AssetManager.php(259): yii\web\AssetManager->loadBundle('yii\\web\\JqueryA...', Array, true)
#3 C:\wamp64\www\yii2avanzado\vendor\yiisoft\yii2\web\View.php(287): yii\web\AssetManager->getBundle('yii\\web\\JqueryA...')
#4 C:\wamp64\www\yii2avanzado\vendor\yiisoft\yii2\web\View.php(292): yii\web\View->registerAssetBundle('yii\\web\\JqueryA...', NULL)
#5 C:\wamp64\www\yii2avanzado\vendor\yiisoft\yii2\web\View.php(292): yii\web\View->registerAssetBundle('yii\\web\\YiiAsse...', NULL)
#6 C:\wamp64\www\yii2avanzado\vendor\yiisoft\yii2\web\AssetBundle.php(125): yii\web\View->registerAssetBundle('frontend\\assets...')
#7 C:\wamp64\www\yii2avanzado\frontend\views\layouts\main.php(13): yii\web\AssetBundle::register(Object(yii\web\View))
#8 C:\wamp64\www\yii2avanzado\vendor\yiisoft\yii2\base\View.php(348): require('C:\\wamp64\\www\\y...')
#9 C:\wamp64\www\yii2avanzado\vendor\yiisoft\yii2\base\View.php(257): yii\base\View->renderPhpFile('C:\\wamp64\\www\\y...', Array)
#10 C:\wamp64\www\yii2avanzado\vendor\yiisoft\yii2\base\Controller.php(425): yii\base\View->renderFile('C:\\wamp64\\www\\y...', Array, Object(frontend\controllers\SiteController))
#11 C:\wamp64\www\yii2avanzado\vendor\yiisoft\yii2\base\Controller.php(411): yii\base\Controller->renderContent('<div class="sit...')
#12 C:\wamp64\www\yii2avanzado\frontend\controllers\SiteController.php(78): yii\base\Controller->render('index')
#13 [internal function]: frontend\controllers\SiteController->actionIndex()
#14 C:\wamp64\www\yii2avanzado\vendor\yiisoft\yii2\base\InlineAction.php(57): call_user_func_array(Array, Array)
#15 C:\wamp64\www\yii2avanzado\vendor\yiisoft\yii2\base\Controller.php(181): yii\base\InlineAction->runWithParams(Array)
#16 C:\wamp64\www\yii2avanzado\vendor\yiisoft\yii2\base\Module.php(534): yii\base\Controller->runAction('', Array)
#17 C:\wamp64\www\yii2avanzado\vendor\yiisoft\yii2\web\Application.php(104): yii\base\Module->runAction('', Array)
#18 C:\wamp64\www\yii2avanzado\vendor\yiisoft\yii2\base\Application.php(392): yii\web\Application->handleRequest(Object(yii\web\Request))
#19 C:\wamp64\www\yii2avanzado\frontend\web\index.php(18): yii\base\Application->run()
#20 {main}
2021-09-13 22:26:41 [::1][-][p3rc4n64ddgumkh5jotded6sg1][info][application] $_GET = [
    'r' => 'site/contact'
]

$_POST = []

$_FILES = []

$_COOKIE = [
    'PHPSESSID' => 'qo50iq1qja1gsdcp90l7jq73cm'
    '_csrf-backend' => 'e539c82e42b42fdc5102b53bb705f1add3dcbd0f0e94e859fa12d27afdd15199a:2:{i:0;s:13:\"_csrf-backend\";i:1;s:32:\"tWxFl2id71GdtheH1x2102bjXUeECtVK\";}'
    '_csrf-frontend' => 'a765f9d50c699265f047432f1e5e7743bff3ca794990fe8a3b838c5e672ca38ca:2:{i:0;s:14:\"_csrf-frontend\";i:1;s:32:\"i70r85BW2FVTtSZXiRnc9JBCJh0qCh5M\";}'
    'advanced-backend' => '3u4htnurhp2d38r7sr9b20tb79'
    'advanced-frontend' => 'r69vmauhm64cu0isaluuddjl8q'
]

$_SESSION = [
    '__flash' => []
    '__captcha/site/captcha' => 'bejepfj'
    '__captcha/site/captchacount' => 1
]

$_SERVER = [
    'HTTP_HOST' => 'localhost'
    'HTTP_CONNECTION' => 'keep-alive'
    'HTTP_SEC_CH_UA' => '\" Not A;Brand\";v=\"99\", \"Chromium\";v=\"92\", \"Opera\";v=\"78\"'
    'HTTP_SEC_CH_UA_MOBILE' => '?0'
    'HTTP_UPGRADE_INSECURE_REQUESTS' => '1'
    'HTTP_USER_AGENT' => 'Mozilla/5.0 (Windows NT 10.0; Win64; x64) AppleWebKit/537.36 (KHTML, like Gecko) Chrome/92.0.4515.159 Safari/537.36 OPR/78.0.4093.184'
    'HTTP_ACCEPT' => 'text/html,application/xhtml+xml,application/xml;q=0.9,image/avif,image/webp,image/apng,*/*;q=0.8,application/signed-exchange;v=b3;q=0.9'
    'HTTP_SEC_FETCH_SITE' => 'same-origin'
    'HTTP_SEC_FETCH_MODE' => 'navigate'
    'HTTP_SEC_FETCH_DEST' => 'document'
    'HTTP_REFERER' => 'http://localhost/yii2avanzado/frontend/web/'
    'HTTP_ACCEPT_ENCODING' => 'gzip, deflate, br'
    'HTTP_ACCEPT_LANGUAGE' => 'es-ES,es;q=0.9'
    'HTTP_COOKIE' => 'PHPSESSID=qo50iq1qja1gsdcp90l7jq73cm; _csrf-backend=e539c82e42b42fdc5102b53bb705f1add3dcbd0f0e94e859fa12d27afdd15199a%3A2%3A%7Bi%3A0%3Bs%3A13%3A%22_csrf-backend%22%3Bi%3A1%3Bs%3A32%3A%22tWxFl2id71GdtheH1x2102bjXUeECtVK%22%3B%7D; _csrf-frontend=a765f9d50c699265f047432f1e5e7743bff3ca794990fe8a3b838c5e672ca38ca%3A2%3A%7Bi%3A0%3Bs%3A14%3A%22_csrf-frontend%22%3Bi%3A1%3Bs%3A32%3A%22i70r85BW2FVTtSZXiRnc9JBCJh0qCh5M%22%3B%7D; advanced-backend=3u4htnurhp2d38r7sr9b20tb79; advanced-frontend=r69vmauhm64cu0isaluuddjl8q'
    'PATH' => 'C:\\Program Files (x86)\\Common Files\\Intel\\Shared Libraries\\redist\\intel64\\compiler;C:\\Program Files\\Rockwell Software\\RSCommon;C:\\ProgramData\\Oracle\\Java\\javapath;C:\\Program Files (x86)\\Intel\\iCLS Client\\;C:\\Program Files\\Intel\\iCLS Client\\;C:\\WINDOWS\\system32;C:\\WINDOWS;C:\\WINDOWS\\System32\\Wbem;C:\\WINDOWS\\System32\\WindowsPowerShell\\v1.0\\;C:\\WINDOWS\\System32\\OpenSSH\\;C:\\Program Files (x86)\\Intel\\Intel(R) Management Engine Components\\DAL;C:\\Program Files\\Intel\\Intel(R) Management Engine Components\\DAL;C:\\Program Files (x86)\\Intel\\Intel(R) Management Engine Components\\IPT;C:\\Program Files\\Intel\\Intel(R) Management Engine Components\\IPT;C:\\Program Files\\Microsoft SQL Server\\Client SDK\\ODBC\\170\\Tools\\Binn\\;C:\\Program Files (x86)\\Microsoft SQL Server\\150\\Tools\\Binn\\;C:\\Program Files\\Microsoft SQL Server\\150\\Tools\\Binn\\;C:\\Program Files\\Microsoft SQL Server\\150\\DTS\\Binn\\;C:\\Program Files (x86)\\Microsoft SQL Server\\150\\DTS\\Binn\\;C:\\Program Files\\Azure Data Studio\\bin;C:\\wamp64\\bin\\php\\php5.6.40;C:\\ProgramData\\ComposerSetup\\bin;C:\\WINDOWS\\system32\\config\\systemprofile\\AppData\\Local\\Microsoft\\WindowsApps'
    'SystemRoot' => 'C:\\WINDOWS'
    'COMSPEC' => 'C:\\WINDOWS\\system32\\cmd.exe'
    'PATHEXT' => '.COM;.EXE;.BAT;.CMD;.VBS;.VBE;.JS;.JSE;.WSF;.WSH;.MSC'
    'WINDIR' => 'C:\\WINDOWS'
    'SERVER_SIGNATURE' => '<address>Apache/2.4.46 (Win64) PHP/7.3.21 Server at localhost Port 80</address>
'
    'SERVER_SOFTWARE' => 'Apache/2.4.46 (Win64) PHP/7.3.21'
    'SERVER_NAME' => 'localhost'
    'SERVER_ADDR' => '::1'
    'SERVER_PORT' => '80'
    'REMOTE_ADDR' => '::1'
    'DOCUMENT_ROOT' => 'C:/wamp64/www'
    'REQUEST_SCHEME' => 'http'
    'CONTEXT_PREFIX' => ''
    'CONTEXT_DOCUMENT_ROOT' => 'C:/wamp64/www'
    'SERVER_ADMIN' => 'wampserver@wampserver.invalid'
    'SCRIPT_FILENAME' => 'C:/wamp64/www/yii2avanzado/frontend/web/index.php'
    'REMOTE_PORT' => '59992'
    'GATEWAY_INTERFACE' => 'CGI/1.1'
    'SERVER_PROTOCOL' => 'HTTP/1.1'
    'REQUEST_METHOD' => 'GET'
    'QUERY_STRING' => 'r=site%2Fcontact'
    'REQUEST_URI' => '/yii2avanzado/frontend/web/index.php?r=site%2Fcontact'
    'SCRIPT_NAME' => '/yii2avanzado/frontend/web/index.php'
    'PHP_SELF' => '/yii2avanzado/frontend/web/index.php'
    'REQUEST_TIME_FLOAT' => 1631572001.1304
    'REQUEST_TIME' => 1631572001
]
2021-09-13 22:26:43 [::1][-][lj0k69tt992g38d4c2fc19qv7h][error][yii\base\InvalidArgumentException] yii\base\InvalidArgumentException: The file or directory to be published does not exist: ./vendor/bower-asset/jquery/dist in C:\wamp64\www\yii2avanzado\vendor\yiisoft\yii2\web\AssetManager.php:467
Stack trace:
#0 C:\wamp64\www\yii2avanzado\vendor\yiisoft\yii2\web\AssetBundle.php(181): yii\web\AssetManager->publish('./vendor/bower-...', Array)
#1 C:\wamp64\www\yii2avanzado\vendor\yiisoft\yii2\web\AssetManager.php(288): yii\web\AssetBundle->publish(Object(yii\web\AssetManager))
#2 C:\wamp64\www\yii2avanzado\vendor\yiisoft\yii2\web\AssetManager.php(259): yii\web\AssetManager->loadBundle('yii\\web\\JqueryA...', Array, true)
#3 C:\wamp64\www\yii2avanzado\vendor\yiisoft\yii2\web\View.php(287): yii\web\AssetManager->getBundle('yii\\web\\JqueryA...')
#4 C:\wamp64\www\yii2avanzado\vendor\yiisoft\yii2\web\View.php(292): yii\web\View->registerAssetBundle('yii\\web\\JqueryA...', NULL)
#5 C:\wamp64\www\yii2avanzado\vendor\yiisoft\yii2\web\View.php(292): yii\web\View->registerAssetBundle('yii\\web\\YiiAsse...', NULL)
#6 C:\wamp64\www\yii2avanzado\vendor\yiisoft\yii2\web\AssetBundle.php(125): yii\web\View->registerAssetBundle('frontend\\assets...')
#7 C:\wamp64\www\yii2avanzado\frontend\views\layouts\main.php(13): yii\web\AssetBundle::register(Object(yii\web\View))
#8 C:\wamp64\www\yii2avanzado\vendor\yiisoft\yii2\base\View.php(348): require('C:\\wamp64\\www\\y...')
#9 C:\wamp64\www\yii2avanzado\vendor\yiisoft\yii2\base\View.php(257): yii\base\View->renderPhpFile('C:\\wamp64\\www\\y...', Array)
#10 C:\wamp64\www\yii2avanzado\vendor\yiisoft\yii2\base\Controller.php(425): yii\base\View->renderFile('C:\\wamp64\\www\\y...', Array, Object(frontend\controllers\SiteController))
#11 C:\wamp64\www\yii2avanzado\vendor\yiisoft\yii2\base\Controller.php(411): yii\base\Controller->renderContent('<div class="sit...')
#12 C:\wamp64\www\yii2avanzado\frontend\controllers\SiteController.php(78): yii\base\Controller->render('index')
#13 [internal function]: frontend\controllers\SiteController->actionIndex()
#14 C:\wamp64\www\yii2avanzado\vendor\yiisoft\yii2\base\InlineAction.php(57): call_user_func_array(Array, Array)
#15 C:\wamp64\www\yii2avanzado\vendor\yiisoft\yii2\base\Controller.php(181): yii\base\InlineAction->runWithParams(Array)
#16 C:\wamp64\www\yii2avanzado\vendor\yiisoft\yii2\base\Module.php(534): yii\base\Controller->runAction('', Array)
#17 C:\wamp64\www\yii2avanzado\vendor\yiisoft\yii2\web\Application.php(104): yii\base\Module->runAction('', Array)
#18 C:\wamp64\www\yii2avanzado\vendor\yiisoft\yii2\base\Application.php(392): yii\web\Application->handleRequest(Object(yii\web\Request))
#19 C:\wamp64\www\yii2avanzado\frontend\web\index.php(18): yii\base\Application->run()
#20 {main}
2021-09-13 22:26:43 [::1][-][lj0k69tt992g38d4c2fc19qv7h][info][application] $_GET = []

$_POST = []

$_FILES = []

$_COOKIE = [
    'PHPSESSID' => 'qo50iq1qja1gsdcp90l7jq73cm'
    '_csrf-backend' => 'e539c82e42b42fdc5102b53bb705f1add3dcbd0f0e94e859fa12d27afdd15199a:2:{i:0;s:13:\"_csrf-backend\";i:1;s:32:\"tWxFl2id71GdtheH1x2102bjXUeECtVK\";}'
    '_csrf-frontend' => 'a765f9d50c699265f047432f1e5e7743bff3ca794990fe8a3b838c5e672ca38ca:2:{i:0;s:14:\"_csrf-frontend\";i:1;s:32:\"i70r85BW2FVTtSZXiRnc9JBCJh0qCh5M\";}'
    'advanced-backend' => '3u4htnurhp2d38r7sr9b20tb79'
    'advanced-frontend' => 'p3rc4n64ddgumkh5jotded6sg1'
]

$_SESSION = [
    '__flash' => []
    '__captcha/site/captcha' => 'bejepfj'
    '__captcha/site/captchacount' => 1
]

$_SERVER = [
    'HTTP_HOST' => 'localhost'
    'HTTP_CONNECTION' => 'keep-alive'
    'HTTP_SEC_CH_UA' => '\" Not A;Brand\";v=\"99\", \"Chromium\";v=\"92\", \"Opera\";v=\"78\"'
    'HTTP_SEC_CH_UA_MOBILE' => '?0'
    'HTTP_UPGRADE_INSECURE_REQUESTS' => '1'
    'HTTP_USER_AGENT' => 'Mozilla/5.0 (Windows NT 10.0; Win64; x64) AppleWebKit/537.36 (KHTML, like Gecko) Chrome/92.0.4515.159 Safari/537.36 OPR/78.0.4093.184'
    'HTTP_ACCEPT' => 'text/html,application/xhtml+xml,application/xml;q=0.9,image/avif,image/webp,image/apng,*/*;q=0.8,application/signed-exchange;v=b3;q=0.9'
    'HTTP_SEC_FETCH_SITE' => 'same-origin'
    'HTTP_SEC_FETCH_MODE' => 'navigate'
    'HTTP_SEC_FETCH_DEST' => 'document'
    'HTTP_REFERER' => 'http://localhost/yii2avanzado/frontend/'
    'HTTP_ACCEPT_ENCODING' => 'gzip, deflate, br'
    'HTTP_ACCEPT_LANGUAGE' => 'es-ES,es;q=0.9'
    'HTTP_COOKIE' => 'PHPSESSID=qo50iq1qja1gsdcp90l7jq73cm; _csrf-backend=e539c82e42b42fdc5102b53bb705f1add3dcbd0f0e94e859fa12d27afdd15199a%3A2%3A%7Bi%3A0%3Bs%3A13%3A%22_csrf-backend%22%3Bi%3A1%3Bs%3A32%3A%22tWxFl2id71GdtheH1x2102bjXUeECtVK%22%3B%7D; _csrf-frontend=a765f9d50c699265f047432f1e5e7743bff3ca794990fe8a3b838c5e672ca38ca%3A2%3A%7Bi%3A0%3Bs%3A14%3A%22_csrf-frontend%22%3Bi%3A1%3Bs%3A32%3A%22i70r85BW2FVTtSZXiRnc9JBCJh0qCh5M%22%3B%7D; advanced-backend=3u4htnurhp2d38r7sr9b20tb79; advanced-frontend=p3rc4n64ddgumkh5jotded6sg1'
    'PATH' => 'C:\\Program Files (x86)\\Common Files\\Intel\\Shared Libraries\\redist\\intel64\\compiler;C:\\Program Files\\Rockwell Software\\RSCommon;C:\\ProgramData\\Oracle\\Java\\javapath;C:\\Program Files (x86)\\Intel\\iCLS Client\\;C:\\Program Files\\Intel\\iCLS Client\\;C:\\WINDOWS\\system32;C:\\WINDOWS;C:\\WINDOWS\\System32\\Wbem;C:\\WINDOWS\\System32\\WindowsPowerShell\\v1.0\\;C:\\WINDOWS\\System32\\OpenSSH\\;C:\\Program Files (x86)\\Intel\\Intel(R) Management Engine Components\\DAL;C:\\Program Files\\Intel\\Intel(R) Management Engine Components\\DAL;C:\\Program Files (x86)\\Intel\\Intel(R) Management Engine Components\\IPT;C:\\Program Files\\Intel\\Intel(R) Management Engine Components\\IPT;C:\\Program Files\\Microsoft SQL Server\\Client SDK\\ODBC\\170\\Tools\\Binn\\;C:\\Program Files (x86)\\Microsoft SQL Server\\150\\Tools\\Binn\\;C:\\Program Files\\Microsoft SQL Server\\150\\Tools\\Binn\\;C:\\Program Files\\Microsoft SQL Server\\150\\DTS\\Binn\\;C:\\Program Files (x86)\\Microsoft SQL Server\\150\\DTS\\Binn\\;C:\\Program Files\\Azure Data Studio\\bin;C:\\wamp64\\bin\\php\\php5.6.40;C:\\ProgramData\\ComposerSetup\\bin;C:\\WINDOWS\\system32\\config\\systemprofile\\AppData\\Local\\Microsoft\\WindowsApps'
    'SystemRoot' => 'C:\\WINDOWS'
    'COMSPEC' => 'C:\\WINDOWS\\system32\\cmd.exe'
    'PATHEXT' => '.COM;.EXE;.BAT;.CMD;.VBS;.VBE;.JS;.JSE;.WSF;.WSH;.MSC'
    'WINDIR' => 'C:\\WINDOWS'
    'SERVER_SIGNATURE' => '<address>Apache/2.4.46 (Win64) PHP/7.3.21 Server at localhost Port 80</address>
'
    'SERVER_SOFTWARE' => 'Apache/2.4.46 (Win64) PHP/7.3.21'
    'SERVER_NAME' => 'localhost'
    'SERVER_ADDR' => '::1'
    'SERVER_PORT' => '80'
    'REMOTE_ADDR' => '::1'
    'DOCUMENT_ROOT' => 'C:/wamp64/www'
    'REQUEST_SCHEME' => 'http'
    'CONTEXT_PREFIX' => ''
    'CONTEXT_DOCUMENT_ROOT' => 'C:/wamp64/www'
    'SERVER_ADMIN' => 'wampserver@wampserver.invalid'
    'SCRIPT_FILENAME' => 'C:/wamp64/www/yii2avanzado/frontend/web/index.php'
    'REMOTE_PORT' => '55829'
    'GATEWAY_INTERFACE' => 'CGI/1.1'
    'SERVER_PROTOCOL' => 'HTTP/1.1'
    'REQUEST_METHOD' => 'GET'
    'QUERY_STRING' => ''
    'REQUEST_URI' => '/yii2avanzado/frontend/web/'
    'SCRIPT_NAME' => '/yii2avanzado/frontend/web/index.php'
    'PHP_SELF' => '/yii2avanzado/frontend/web/index.php'
    'REQUEST_TIME_FLOAT' => 1631572003.2057
    'REQUEST_TIME' => 1631572003
]
2021-09-13 22:28:35 [::1][-][21rl6rufj4fpcasj7v7233lv2u][error][yii\base\InvalidArgumentException] yii\base\InvalidArgumentException: The file or directory to be published does not exist: ./vendor/bower-asset/jquery/dist in C:\wamp64\www\yii2avanzado\vendor\yiisoft\yii2\web\AssetManager.php:467
Stack trace:
#0 C:\wamp64\www\yii2avanzado\vendor\yiisoft\yii2\web\AssetBundle.php(181): yii\web\AssetManager->publish('./vendor/bower-...', Array)
#1 C:\wamp64\www\yii2avanzado\vendor\yiisoft\yii2\web\AssetManager.php(288): yii\web\AssetBundle->publish(Object(yii\web\AssetManager))
#2 C:\wamp64\www\yii2avanzado\vendor\yiisoft\yii2\web\AssetManager.php(259): yii\web\AssetManager->loadBundle('yii\\web\\JqueryA...', Array, true)
#3 C:\wamp64\www\yii2avanzado\vendor\yiisoft\yii2\web\View.php(287): yii\web\AssetManager->getBundle('yii\\web\\JqueryA...')
#4 C:\wamp64\www\yii2avanzado\vendor\yiisoft\yii2\web\View.php(292): yii\web\View->registerAssetBundle('yii\\web\\JqueryA...', NULL)
#5 C:\wamp64\www\yii2avanzado\vendor\yiisoft\yii2\web\View.php(292): yii\web\View->registerAssetBundle('yii\\web\\YiiAsse...', NULL)
#6 C:\wamp64\www\yii2avanzado\vendor\yiisoft\yii2\web\AssetBundle.php(125): yii\web\View->registerAssetBundle('frontend\\assets...')
#7 C:\wamp64\www\yii2avanzado\frontend\views\layouts\main.php(13): yii\web\AssetBundle::register(Object(yii\web\View))
#8 C:\wamp64\www\yii2avanzado\vendor\yiisoft\yii2\base\View.php(348): require('C:\\wamp64\\www\\y...')
#9 C:\wamp64\www\yii2avanzado\vendor\yiisoft\yii2\base\View.php(257): yii\base\View->renderPhpFile('C:\\wamp64\\www\\y...', Array)
#10 C:\wamp64\www\yii2avanzado\vendor\yiisoft\yii2\base\Controller.php(425): yii\base\View->renderFile('C:\\wamp64\\www\\y...', Array, Object(frontend\controllers\SiteController))
#11 C:\wamp64\www\yii2avanzado\vendor\yiisoft\yii2\base\Controller.php(411): yii\base\Controller->renderContent('<div class="sit...')
#12 C:\wamp64\www\yii2avanzado\frontend\controllers\SiteController.php(78): yii\base\Controller->render('index')
#13 [internal function]: frontend\controllers\SiteController->actionIndex()
#14 C:\wamp64\www\yii2avanzado\vendor\yiisoft\yii2\base\InlineAction.php(57): call_user_func_array(Array, Array)
#15 C:\wamp64\www\yii2avanzado\vendor\yiisoft\yii2\base\Controller.php(181): yii\base\InlineAction->runWithParams(Array)
#16 C:\wamp64\www\yii2avanzado\vendor\yiisoft\yii2\base\Module.php(534): yii\base\Controller->runAction('', Array)
#17 C:\wamp64\www\yii2avanzado\vendor\yiisoft\yii2\web\Application.php(104): yii\base\Module->runAction('', Array)
#18 C:\wamp64\www\yii2avanzado\vendor\yiisoft\yii2\base\Application.php(392): yii\web\Application->handleRequest(Object(yii\web\Request))
#19 C:\wamp64\www\yii2avanzado\frontend\web\index.php(18): yii\base\Application->run()
#20 {main}
2021-09-13 22:28:35 [::1][-][21rl6rufj4fpcasj7v7233lv2u][info][application] $_GET = [
    'r' => 'site/index'
]

$_POST = []

$_FILES = []

$_COOKIE = [
    'PHPSESSID' => 'qo50iq1qja1gsdcp90l7jq73cm'
    '_csrf-backend' => 'e539c82e42b42fdc5102b53bb705f1add3dcbd0f0e94e859fa12d27afdd15199a:2:{i:0;s:13:\"_csrf-backend\";i:1;s:32:\"tWxFl2id71GdtheH1x2102bjXUeECtVK\";}'
    '_csrf-frontend' => 'a765f9d50c699265f047432f1e5e7743bff3ca794990fe8a3b838c5e672ca38ca:2:{i:0;s:14:\"_csrf-frontend\";i:1;s:32:\"i70r85BW2FVTtSZXiRnc9JBCJh0qCh5M\";}'
    'advanced-backend' => '3u4htnurhp2d38r7sr9b20tb79'
    'advanced-frontend' => '6uc6hjljsj9t0a0d2o7n0mhgmm'
]

$_SESSION = [
    '__flash' => []
    '__captcha/site/captcha' => 'bejepfj'
    '__captcha/site/captchacount' => 1
]

$_SERVER = [
    'HTTP_HOST' => 'localhost'
    'HTTP_CONNECTION' => 'keep-alive'
    'HTTP_CACHE_CONTROL' => 'max-age=0'
    'HTTP_SEC_CH_UA' => '\" Not A;Brand\";v=\"99\", \"Chromium\";v=\"92\", \"Opera\";v=\"78\"'
    'HTTP_SEC_CH_UA_MOBILE' => '?0'
    'HTTP_UPGRADE_INSECURE_REQUESTS' => '1'
    'HTTP_USER_AGENT' => 'Mozilla/5.0 (Windows NT 10.0; Win64; x64) AppleWebKit/537.36 (KHTML, like Gecko) Chrome/92.0.4515.159 Safari/537.36 OPR/78.0.4093.184'
    'HTTP_ACCEPT' => 'text/html,application/xhtml+xml,application/xml;q=0.9,image/avif,image/webp,image/apng,*/*;q=0.8,application/signed-exchange;v=b3;q=0.9'
    'HTTP_SEC_FETCH_SITE' => 'same-origin'
    'HTTP_SEC_FETCH_MODE' => 'navigate'
    'HTTP_SEC_FETCH_USER' => '?1'
    'HTTP_SEC_FETCH_DEST' => 'document'
    'HTTP_REFERER' => 'http://localhost/yii2avanzado/frontend/web/index.php?r=site%2Flogin'
    'HTTP_ACCEPT_ENCODING' => 'gzip, deflate, br'
    'HTTP_ACCEPT_LANGUAGE' => 'es-ES,es;q=0.9'
    'HTTP_COOKIE' => 'PHPSESSID=qo50iq1qja1gsdcp90l7jq73cm; _csrf-backend=e539c82e42b42fdc5102b53bb705f1add3dcbd0f0e94e859fa12d27afdd15199a%3A2%3A%7Bi%3A0%3Bs%3A13%3A%22_csrf-backend%22%3Bi%3A1%3Bs%3A32%3A%22tWxFl2id71GdtheH1x2102bjXUeECtVK%22%3B%7D; _csrf-frontend=a765f9d50c699265f047432f1e5e7743bff3ca794990fe8a3b838c5e672ca38ca%3A2%3A%7Bi%3A0%3Bs%3A14%3A%22_csrf-frontend%22%3Bi%3A1%3Bs%3A32%3A%22i70r85BW2FVTtSZXiRnc9JBCJh0qCh5M%22%3B%7D; advanced-backend=3u4htnurhp2d38r7sr9b20tb79; advanced-frontend=6uc6hjljsj9t0a0d2o7n0mhgmm'
    'PATH' => 'C:\\Program Files (x86)\\Common Files\\Intel\\Shared Libraries\\redist\\intel64\\compiler;C:\\Program Files\\Rockwell Software\\RSCommon;C:\\ProgramData\\Oracle\\Java\\javapath;C:\\Program Files (x86)\\Intel\\iCLS Client\\;C:\\Program Files\\Intel\\iCLS Client\\;C:\\WINDOWS\\system32;C:\\WINDOWS;C:\\WINDOWS\\System32\\Wbem;C:\\WINDOWS\\System32\\WindowsPowerShell\\v1.0\\;C:\\WINDOWS\\System32\\OpenSSH\\;C:\\Program Files (x86)\\Intel\\Intel(R) Management Engine Components\\DAL;C:\\Program Files\\Intel\\Intel(R) Management Engine Components\\DAL;C:\\Program Files (x86)\\Intel\\Intel(R) Management Engine Components\\IPT;C:\\Program Files\\Intel\\Intel(R) Management Engine Components\\IPT;C:\\Program Files\\Microsoft SQL Server\\Client SDK\\ODBC\\170\\Tools\\Binn\\;C:\\Program Files (x86)\\Microsoft SQL Server\\150\\Tools\\Binn\\;C:\\Program Files\\Microsoft SQL Server\\150\\Tools\\Binn\\;C:\\Program Files\\Microsoft SQL Server\\150\\DTS\\Binn\\;C:\\Program Files (x86)\\Microsoft SQL Server\\150\\DTS\\Binn\\;C:\\Program Files\\Azure Data Studio\\bin;C:\\wamp64\\bin\\php\\php5.6.40;C:\\ProgramData\\ComposerSetup\\bin;C:\\WINDOWS\\system32\\config\\systemprofile\\AppData\\Local\\Microsoft\\WindowsApps'
    'SystemRoot' => 'C:\\WINDOWS'
    'COMSPEC' => 'C:\\WINDOWS\\system32\\cmd.exe'
    'PATHEXT' => '.COM;.EXE;.BAT;.CMD;.VBS;.VBE;.JS;.JSE;.WSF;.WSH;.MSC'
    'WINDIR' => 'C:\\WINDOWS'
    'SERVER_SIGNATURE' => '<address>Apache/2.4.46 (Win64) PHP/7.3.21 Server at localhost Port 80</address>
'
    'SERVER_SOFTWARE' => 'Apache/2.4.46 (Win64) PHP/7.3.21'
    'SERVER_NAME' => 'localhost'
    'SERVER_ADDR' => '::1'
    'SERVER_PORT' => '80'
    'REMOTE_ADDR' => '::1'
    'DOCUMENT_ROOT' => 'C:/wamp64/www'
    'REQUEST_SCHEME' => 'http'
    'CONTEXT_PREFIX' => ''
    'CONTEXT_DOCUMENT_ROOT' => 'C:/wamp64/www'
    'SERVER_ADMIN' => 'wampserver@wampserver.invalid'
    'SCRIPT_FILENAME' => 'C:/wamp64/www/yii2avanzado/frontend/web/index.php'
    'REMOTE_PORT' => '62618'
    'GATEWAY_INTERFACE' => 'CGI/1.1'
    'SERVER_PROTOCOL' => 'HTTP/1.1'
    'REQUEST_METHOD' => 'GET'
    'QUERY_STRING' => 'r=site%2Findex'
    'REQUEST_URI' => '/yii2avanzado/frontend/web/index.php?r=site%2Findex'
    'SCRIPT_NAME' => '/yii2avanzado/frontend/web/index.php'
    'PHP_SELF' => '/yii2avanzado/frontend/web/index.php'
    'REQUEST_TIME_FLOAT' => 1631572115.8205
    'REQUEST_TIME' => 1631572115
]
2021-09-13 22:42:31 [::1][6][7l1ph87ghg07klrfsvsu4c6hgp][error][yii\base\InvalidArgumentException] yii\base\InvalidArgumentException: The file or directory to be published does not exist: C:\wamp64\www\yii2avanzado/vendor\bower/jquery/dist in C:\wamp64\www\yii2avanzado\vendor\yiisoft\yii2\web\AssetManager.php:467
Stack trace:
#0 C:\wamp64\www\yii2avanzado\vendor\yiisoft\yii2\web\AssetBundle.php(181): yii\web\AssetManager->publish('C:\\wamp64\\www\\y...', Array)
#1 C:\wamp64\www\yii2avanzado\vendor\yiisoft\yii2\web\AssetManager.php(288): yii\web\AssetBundle->publish(Object(yii\web\AssetManager))
#2 C:\wamp64\www\yii2avanzado\vendor\yiisoft\yii2\web\AssetManager.php(259): yii\web\AssetManager->loadBundle('yii\\web\\JqueryA...', Array, true)
#3 C:\wamp64\www\yii2avanzado\vendor\yiisoft\yii2\web\View.php(287): yii\web\AssetManager->getBundle('yii\\web\\JqueryA...')
#4 C:\wamp64\www\yii2avanzado\vendor\yiisoft\yii2\web\View.php(292): yii\web\View->registerAssetBundle('yii\\web\\JqueryA...', NULL)
#5 C:\wamp64\www\yii2avanzado\vendor\yiisoft\yii2\web\View.php(292): yii\web\View->registerAssetBundle('yii\\web\\YiiAsse...', NULL)
#6 C:\wamp64\www\yii2avanzado\vendor\yiisoft\yii2\web\AssetBundle.php(125): yii\web\View->registerAssetBundle('frontend\\assets...')
#7 C:\wamp64\www\yii2avanzado\frontend\views\layouts\main.php(13): yii\web\AssetBundle::register(Object(yii\web\View))
#8 C:\wamp64\www\yii2avanzado\vendor\yiisoft\yii2\base\View.php(348): require('C:\\wamp64\\www\\y...')
#9 C:\wamp64\www\yii2avanzado\vendor\yiisoft\yii2\base\View.php(257): yii\base\View->renderPhpFile('C:\\wamp64\\www\\y...', Array)
#10 C:\wamp64\www\yii2avanzado\vendor\yiisoft\yii2\base\Controller.php(425): yii\base\View->renderFile('C:\\wamp64\\www\\y...', Array, Object(frontend\controllers\SiteController))
#11 C:\wamp64\www\yii2avanzado\vendor\yiisoft\yii2\base\Controller.php(411): yii\base\Controller->renderContent('<div class="sit...')
#12 C:\wamp64\www\yii2avanzado\frontend\controllers\SiteController.php(78): yii\base\Controller->render('index')
#13 [internal function]: frontend\controllers\SiteController->actionIndex()
#14 C:\wamp64\www\yii2avanzado\vendor\yiisoft\yii2\base\InlineAction.php(57): call_user_func_array(Array, Array)
#15 C:\wamp64\www\yii2avanzado\vendor\yiisoft\yii2\base\Controller.php(181): yii\base\InlineAction->runWithParams(Array)
#16 C:\wamp64\www\yii2avanzado\vendor\yiisoft\yii2\base\Module.php(534): yii\base\Controller->runAction('', Array)
#17 C:\wamp64\www\yii2avanzado\vendor\yiisoft\yii2\web\Application.php(104): yii\base\Module->runAction('', Array)
#18 C:\wamp64\www\yii2avanzado\vendor\yiisoft\yii2\base\Application.php(392): yii\web\Application->handleRequest(Object(yii\web\Request))
#19 C:\wamp64\www\yii2avanzado\frontend\web\index.php(18): yii\base\Application->run()
#20 {main}
2021-09-13 22:42:31 [::1][6][7l1ph87ghg07klrfsvsu4c6hgp][info][application] $_GET = []

$_POST = []

$_FILES = []

$_COOKIE = [
    'PHPSESSID' => 'qo50iq1qja1gsdcp90l7jq73cm'
    '_csrf-backend' => 'e539c82e42b42fdc5102b53bb705f1add3dcbd0f0e94e859fa12d27afdd15199a:2:{i:0;s:13:\"_csrf-backend\";i:1;s:32:\"tWxFl2id71GdtheH1x2102bjXUeECtVK\";}'
    'advanced-backend' => '3u4htnurhp2d38r7sr9b20tb79'
    'advanced-frontend' => '7l1ph87ghg07klrfsvsu4c6hgp'
    '_identity-frontend' => '0107a26da2ee143f66c9cd5feca2b643fb45ec327f42159d346a67cc32ccd66ea:2:{i:0;s:18:\"_identity-frontend\";i:1;s:46:\"[6,\"RzCMtgPq7c1EhihRa2F5yHtOZ7k8F4pJ\",2592000]\";}'
    '_csrf-frontend' => '41c36452f62dcbf7b6bbbf65b23cd50ff1ce1be4d6d872bf78c1b76937d77d24a:2:{i:0;s:14:\"_csrf-frontend\";i:1;s:32:\"AAigbrtwMaM24ctGCaMx9Ccrz98WQshi\";}'
]

$_SESSION = [
    '__flash' => []
    '__id' => 6
    '__authKey' => 'RzCMtgPq7c1EhihRa2F5yHtOZ7k8F4pJ'
]

$_SERVER = [
    'HTTP_HOST' => 'localhost'
    'HTTP_CONNECTION' => 'keep-alive'
    'HTTP_CACHE_CONTROL' => 'max-age=0'
    'HTTP_SEC_CH_UA' => '\" Not A;Brand\";v=\"99\", \"Chromium\";v=\"92\", \"Opera\";v=\"78\"'
    'HTTP_SEC_CH_UA_MOBILE' => '?0'
    'HTTP_UPGRADE_INSECURE_REQUESTS' => '1'
    'HTTP_USER_AGENT' => 'Mozilla/5.0 (Windows NT 10.0; Win64; x64) AppleWebKit/537.36 (KHTML, like Gecko) Chrome/92.0.4515.159 Safari/537.36 OPR/78.0.4093.184'
    'HTTP_ACCEPT' => 'text/html,application/xhtml+xml,application/xml;q=0.9,image/avif,image/webp,image/apng,*/*;q=0.8,application/signed-exchange;v=b3;q=0.9'
    'HTTP_SEC_FETCH_SITE' => 'same-origin'
    'HTTP_SEC_FETCH_MODE' => 'navigate'
    'HTTP_SEC_FETCH_USER' => '?1'
    'HTTP_SEC_FETCH_DEST' => 'document'
    'HTTP_REFERER' => 'http://localhost/yii2avanzado/frontend/web/index.php?r=site%2Flogin'
    'HTTP_ACCEPT_ENCODING' => 'gzip, deflate, br'
    'HTTP_ACCEPT_LANGUAGE' => 'es-ES,es;q=0.9'
    'HTTP_COOKIE' => 'PHPSESSID=qo50iq1qja1gsdcp90l7jq73cm; _csrf-backend=e539c82e42b42fdc5102b53bb705f1add3dcbd0f0e94e859fa12d27afdd15199a%3A2%3A%7Bi%3A0%3Bs%3A13%3A%22_csrf-backend%22%3Bi%3A1%3Bs%3A32%3A%22tWxFl2id71GdtheH1x2102bjXUeECtVK%22%3B%7D; advanced-backend=3u4htnurhp2d38r7sr9b20tb79; advanced-frontend=7l1ph87ghg07klrfsvsu4c6hgp; _identity-frontend=0107a26da2ee143f66c9cd5feca2b643fb45ec327f42159d346a67cc32ccd66ea%3A2%3A%7Bi%3A0%3Bs%3A18%3A%22_identity-frontend%22%3Bi%3A1%3Bs%3A46%3A%22%5B6%2C%22RzCMtgPq7c1EhihRa2F5yHtOZ7k8F4pJ%22%2C2592000%5D%22%3B%7D; _csrf-frontend=41c36452f62dcbf7b6bbbf65b23cd50ff1ce1be4d6d872bf78c1b76937d77d24a%3A2%3A%7Bi%3A0%3Bs%3A14%3A%22_csrf-frontend%22%3Bi%3A1%3Bs%3A32%3A%22AAigbrtwMaM24ctGCaMx9Ccrz98WQshi%22%3B%7D'
    'PATH' => 'C:\\Program Files (x86)\\Common Files\\Intel\\Shared Libraries\\redist\\intel64\\compiler;C:\\Program Files\\Rockwell Software\\RSCommon;C:\\ProgramData\\Oracle\\Java\\javapath;C:\\Program Files (x86)\\Intel\\iCLS Client\\;C:\\Program Files\\Intel\\iCLS Client\\;C:\\WINDOWS\\system32;C:\\WINDOWS;C:\\WINDOWS\\System32\\Wbem;C:\\WINDOWS\\System32\\WindowsPowerShell\\v1.0\\;C:\\WINDOWS\\System32\\OpenSSH\\;C:\\Program Files (x86)\\Intel\\Intel(R) Management Engine Components\\DAL;C:\\Program Files\\Intel\\Intel(R) Management Engine Components\\DAL;C:\\Program Files (x86)\\Intel\\Intel(R) Management Engine Components\\IPT;C:\\Program Files\\Intel\\Intel(R) Management Engine Components\\IPT;C:\\Program Files\\Microsoft SQL Server\\Client SDK\\ODBC\\170\\Tools\\Binn\\;C:\\Program Files (x86)\\Microsoft SQL Server\\150\\Tools\\Binn\\;C:\\Program Files\\Microsoft SQL Server\\150\\Tools\\Binn\\;C:\\Program Files\\Microsoft SQL Server\\150\\DTS\\Binn\\;C:\\Program Files (x86)\\Microsoft SQL Server\\150\\DTS\\Binn\\;C:\\Program Files\\Azure Data Studio\\bin;C:\\wamp64\\bin\\php\\php5.6.40;C:\\ProgramData\\ComposerSetup\\bin;C:\\WINDOWS\\system32\\config\\systemprofile\\AppData\\Local\\Microsoft\\WindowsApps'
    'SystemRoot' => 'C:\\WINDOWS'
    'COMSPEC' => 'C:\\WINDOWS\\system32\\cmd.exe'
    'PATHEXT' => '.COM;.EXE;.BAT;.CMD;.VBS;.VBE;.JS;.JSE;.WSF;.WSH;.MSC'
    'WINDIR' => 'C:\\WINDOWS'
    'SERVER_SIGNATURE' => '<address>Apache/2.4.46 (Win64) PHP/7.3.21 Server at localhost Port 80</address>
'
    'SERVER_SOFTWARE' => 'Apache/2.4.46 (Win64) PHP/7.3.21'
    'SERVER_NAME' => 'localhost'
    'SERVER_ADDR' => '::1'
    'SERVER_PORT' => '80'
    'REMOTE_ADDR' => '::1'
    'DOCUMENT_ROOT' => 'C:/wamp64/www'
    'REQUEST_SCHEME' => 'http'
    'CONTEXT_PREFIX' => ''
    'CONTEXT_DOCUMENT_ROOT' => 'C:/wamp64/www'
    'SERVER_ADMIN' => 'wampserver@wampserver.invalid'
    'SCRIPT_FILENAME' => 'C:/wamp64/www/yii2avanzado/frontend/web/index.php'
    'REMOTE_PORT' => '59992'
    'GATEWAY_INTERFACE' => 'CGI/1.1'
    'SERVER_PROTOCOL' => 'HTTP/1.1'
    'REQUEST_METHOD' => 'GET'
    'QUERY_STRING' => ''
    'REQUEST_URI' => '/yii2avanzado/frontend/web/index.php'
    'SCRIPT_NAME' => '/yii2avanzado/frontend/web/index.php'
    'PHP_SELF' => '/yii2avanzado/frontend/web/index.php'
    'REQUEST_TIME_FLOAT' => 1631572951.3984
    'REQUEST_TIME' => 1631572951
]
2021-09-13 22:42:35 [::1][6][7l1ph87ghg07klrfsvsu4c6hgp][error][yii\base\InvalidArgumentException] yii\base\InvalidArgumentException: The file or directory to be published does not exist: C:\wamp64\www\yii2avanzado/vendor\bower/jquery/dist in C:\wamp64\www\yii2avanzado\vendor\yiisoft\yii2\web\AssetManager.php:467
Stack trace:
#0 C:\wamp64\www\yii2avanzado\vendor\yiisoft\yii2\web\AssetBundle.php(181): yii\web\AssetManager->publish('C:\\wamp64\\www\\y...', Array)
#1 C:\wamp64\www\yii2avanzado\vendor\yiisoft\yii2\web\AssetManager.php(288): yii\web\AssetBundle->publish(Object(yii\web\AssetManager))
#2 C:\wamp64\www\yii2avanzado\vendor\yiisoft\yii2\web\AssetManager.php(259): yii\web\AssetManager->loadBundle('yii\\web\\JqueryA...', Array, true)
#3 C:\wamp64\www\yii2avanzado\vendor\yiisoft\yii2\web\View.php(287): yii\web\AssetManager->getBundle('yii\\web\\JqueryA...')
#4 C:\wamp64\www\yii2avanzado\vendor\yiisoft\yii2\web\View.php(292): yii\web\View->registerAssetBundle('yii\\web\\JqueryA...', NULL)
#5 C:\wamp64\www\yii2avanzado\vendor\yiisoft\yii2\web\View.php(292): yii\web\View->registerAssetBundle('yii\\web\\YiiAsse...', NULL)
#6 C:\wamp64\www\yii2avanzado\vendor\yiisoft\yii2\web\AssetBundle.php(125): yii\web\View->registerAssetBundle('frontend\\assets...')
#7 C:\wamp64\www\yii2avanzado\frontend\views\layouts\main.php(13): yii\web\AssetBundle::register(Object(yii\web\View))
#8 C:\wamp64\www\yii2avanzado\vendor\yiisoft\yii2\base\View.php(348): require('C:\\wamp64\\www\\y...')
#9 C:\wamp64\www\yii2avanzado\vendor\yiisoft\yii2\base\View.php(257): yii\base\View->renderPhpFile('C:\\wamp64\\www\\y...', Array)
#10 C:\wamp64\www\yii2avanzado\vendor\yiisoft\yii2\base\Controller.php(425): yii\base\View->renderFile('C:\\wamp64\\www\\y...', Array, Object(frontend\controllers\SiteController))
#11 C:\wamp64\www\yii2avanzado\vendor\yiisoft\yii2\base\Controller.php(411): yii\base\Controller->renderContent('<div class="sit...')
#12 C:\wamp64\www\yii2avanzado\frontend\controllers\SiteController.php(78): yii\base\Controller->render('index')
#13 [internal function]: frontend\controllers\SiteController->actionIndex()
#14 C:\wamp64\www\yii2avanzado\vendor\yiisoft\yii2\base\InlineAction.php(57): call_user_func_array(Array, Array)
#15 C:\wamp64\www\yii2avanzado\vendor\yiisoft\yii2\base\Controller.php(181): yii\base\InlineAction->runWithParams(Array)
#16 C:\wamp64\www\yii2avanzado\vendor\yiisoft\yii2\base\Module.php(534): yii\base\Controller->runAction('', Array)
#17 C:\wamp64\www\yii2avanzado\vendor\yiisoft\yii2\web\Application.php(104): yii\base\Module->runAction('', Array)
#18 C:\wamp64\www\yii2avanzado\vendor\yiisoft\yii2\base\Application.php(392): yii\web\Application->handleRequest(Object(yii\web\Request))
#19 C:\wamp64\www\yii2avanzado\frontend\web\index.php(18): yii\base\Application->run()
#20 {main}
2021-09-13 22:42:35 [::1][6][7l1ph87ghg07klrfsvsu4c6hgp][info][application] $_GET = [
    'r' => 'site/login'
]

$_POST = []

$_FILES = []

$_COOKIE = [
    'PHPSESSID' => 'qo50iq1qja1gsdcp90l7jq73cm'
    '_csrf-backend' => 'e539c82e42b42fdc5102b53bb705f1add3dcbd0f0e94e859fa12d27afdd15199a:2:{i:0;s:13:\"_csrf-backend\";i:1;s:32:\"tWxFl2id71GdtheH1x2102bjXUeECtVK\";}'
    'advanced-backend' => '3u4htnurhp2d38r7sr9b20tb79'
    'advanced-frontend' => '7l1ph87ghg07klrfsvsu4c6hgp'
    '_identity-frontend' => '0107a26da2ee143f66c9cd5feca2b643fb45ec327f42159d346a67cc32ccd66ea:2:{i:0;s:18:\"_identity-frontend\";i:1;s:46:\"[6,\"RzCMtgPq7c1EhihRa2F5yHtOZ7k8F4pJ\",2592000]\";}'
    '_csrf-frontend' => '41c36452f62dcbf7b6bbbf65b23cd50ff1ce1be4d6d872bf78c1b76937d77d24a:2:{i:0;s:14:\"_csrf-frontend\";i:1;s:32:\"AAigbrtwMaM24ctGCaMx9Ccrz98WQshi\";}'
]

$_SESSION = [
    '__flash' => []
    '__id' => 6
    '__authKey' => 'RzCMtgPq7c1EhihRa2F5yHtOZ7k8F4pJ'
]

$_SERVER = [
    'HTTP_HOST' => 'localhost'
    'HTTP_CONNECTION' => 'keep-alive'
    'HTTP_SEC_CH_UA' => '\" Not A;Brand\";v=\"99\", \"Chromium\";v=\"92\", \"Opera\";v=\"78\"'
    'HTTP_SEC_CH_UA_MOBILE' => '?0'
    'HTTP_UPGRADE_INSECURE_REQUESTS' => '1'
    'HTTP_USER_AGENT' => 'Mozilla/5.0 (Windows NT 10.0; Win64; x64) AppleWebKit/537.36 (KHTML, like Gecko) Chrome/92.0.4515.159 Safari/537.36 OPR/78.0.4093.184'
    'HTTP_ACCEPT' => 'text/html,application/xhtml+xml,application/xml;q=0.9,image/avif,image/webp,image/apng,*/*;q=0.8,application/signed-exchange;v=b3;q=0.9'
    'HTTP_SEC_FETCH_SITE' => 'same-origin'
    'HTTP_SEC_FETCH_MODE' => 'navigate'
    'HTTP_SEC_FETCH_DEST' => 'document'
    'HTTP_REFERER' => 'http://localhost/yii2avanzado/frontend/web/index.php'
    'HTTP_ACCEPT_ENCODING' => 'gzip, deflate, br'
    'HTTP_ACCEPT_LANGUAGE' => 'es-ES,es;q=0.9'
    'HTTP_COOKIE' => 'PHPSESSID=qo50iq1qja1gsdcp90l7jq73cm; _csrf-backend=e539c82e42b42fdc5102b53bb705f1add3dcbd0f0e94e859fa12d27afdd15199a%3A2%3A%7Bi%3A0%3Bs%3A13%3A%22_csrf-backend%22%3Bi%3A1%3Bs%3A32%3A%22tWxFl2id71GdtheH1x2102bjXUeECtVK%22%3B%7D; advanced-backend=3u4htnurhp2d38r7sr9b20tb79; advanced-frontend=7l1ph87ghg07klrfsvsu4c6hgp; _identity-frontend=0107a26da2ee143f66c9cd5feca2b643fb45ec327f42159d346a67cc32ccd66ea%3A2%3A%7Bi%3A0%3Bs%3A18%3A%22_identity-frontend%22%3Bi%3A1%3Bs%3A46%3A%22%5B6%2C%22RzCMtgPq7c1EhihRa2F5yHtOZ7k8F4pJ%22%2C2592000%5D%22%3B%7D; _csrf-frontend=41c36452f62dcbf7b6bbbf65b23cd50ff1ce1be4d6d872bf78c1b76937d77d24a%3A2%3A%7Bi%3A0%3Bs%3A14%3A%22_csrf-frontend%22%3Bi%3A1%3Bs%3A32%3A%22AAigbrtwMaM24ctGCaMx9Ccrz98WQshi%22%3B%7D'
    'PATH' => 'C:\\Program Files (x86)\\Common Files\\Intel\\Shared Libraries\\redist\\intel64\\compiler;C:\\Program Files\\Rockwell Software\\RSCommon;C:\\ProgramData\\Oracle\\Java\\javapath;C:\\Program Files (x86)\\Intel\\iCLS Client\\;C:\\Program Files\\Intel\\iCLS Client\\;C:\\WINDOWS\\system32;C:\\WINDOWS;C:\\WINDOWS\\System32\\Wbem;C:\\WINDOWS\\System32\\WindowsPowerShell\\v1.0\\;C:\\WINDOWS\\System32\\OpenSSH\\;C:\\Program Files (x86)\\Intel\\Intel(R) Management Engine Components\\DAL;C:\\Program Files\\Intel\\Intel(R) Management Engine Components\\DAL;C:\\Program Files (x86)\\Intel\\Intel(R) Management Engine Components\\IPT;C:\\Program Files\\Intel\\Intel(R) Management Engine Components\\IPT;C:\\Program Files\\Microsoft SQL Server\\Client SDK\\ODBC\\170\\Tools\\Binn\\;C:\\Program Files (x86)\\Microsoft SQL Server\\150\\Tools\\Binn\\;C:\\Program Files\\Microsoft SQL Server\\150\\Tools\\Binn\\;C:\\Program Files\\Microsoft SQL Server\\150\\DTS\\Binn\\;C:\\Program Files (x86)\\Microsoft SQL Server\\150\\DTS\\Binn\\;C:\\Program Files\\Azure Data Studio\\bin;C:\\wamp64\\bin\\php\\php5.6.40;C:\\ProgramData\\ComposerSetup\\bin;C:\\WINDOWS\\system32\\config\\systemprofile\\AppData\\Local\\Microsoft\\WindowsApps'
    'SystemRoot' => 'C:\\WINDOWS'
    'COMSPEC' => 'C:\\WINDOWS\\system32\\cmd.exe'
    'PATHEXT' => '.COM;.EXE;.BAT;.CMD;.VBS;.VBE;.JS;.JSE;.WSF;.WSH;.MSC'
    'WINDIR' => 'C:\\WINDOWS'
    'SERVER_SIGNATURE' => '<address>Apache/2.4.46 (Win64) PHP/7.3.21 Server at localhost Port 80</address>
'
    'SERVER_SOFTWARE' => 'Apache/2.4.46 (Win64) PHP/7.3.21'
    'SERVER_NAME' => 'localhost'
    'SERVER_ADDR' => '::1'
    'SERVER_PORT' => '80'
    'REMOTE_ADDR' => '::1'
    'DOCUMENT_ROOT' => 'C:/wamp64/www'
    'REQUEST_SCHEME' => 'http'
    'CONTEXT_PREFIX' => ''
    'CONTEXT_DOCUMENT_ROOT' => 'C:/wamp64/www'
    'SERVER_ADMIN' => 'wampserver@wampserver.invalid'
    'SCRIPT_FILENAME' => 'C:/wamp64/www/yii2avanzado/frontend/web/index.php'
    'REMOTE_PORT' => '55218'
    'GATEWAY_INTERFACE' => 'CGI/1.1'
    'SERVER_PROTOCOL' => 'HTTP/1.1'
    'REQUEST_METHOD' => 'GET'
    'QUERY_STRING' => 'r=site%2Flogin'
    'REQUEST_URI' => '/yii2avanzado/frontend/web/index.php?r=site%2Flogin'
    'SCRIPT_NAME' => '/yii2avanzado/frontend/web/index.php'
    'PHP_SELF' => '/yii2avanzado/frontend/web/index.php'
    'REQUEST_TIME_FLOAT' => 1631572955.0884
    'REQUEST_TIME' => 1631572955
]
